Compiling the C compiler identification source file "CMakeCCompilerId.c" failed.
Compiler: /Applications/Xcode-14.0.1.app/Contents/Developer/Toolchains/XcodeDefault.xctoolchain/usr/bin/cc 
Build flags: 
Id flags:  

The output was:
1
ld: library not found for -lSystem
clang: error: linker command failed with exit code 1 (use -v to see invocation)


Compiling the CXX compiler identification source file "CMakeCXXCompilerId.cpp" failed.
Compiler: /Applications/Xcode-14.0.1.app/Contents/Developer/Toolchains/XcodeDefault.xctoolchain/usr/bin/c++ 
Build flags: 
Id flags:  

The output was:
1
ld: library not found for -lc++
clang: error: linker command failed with exit code 1 (use -v to see invocation)


Performing C++ SOURCE FILE Test HAVE_LIBATOMIC failed with the following output:
Change Dir: /Users/zacharylineman/Developer/GitHub/Hephaestus/Games/GameOfLife/build/CMakeFiles/CMakeTmp

Run Build Command(s):/usr/bin/make -f Makefile cmTC_8ee93/fast && /Applications/Xcode-14.0.1.app/Contents/Developer/usr/bin/make  -f CMakeFiles/cmTC_8ee93.dir/build.make CMakeFiles/cmTC_8ee93.dir/build
Building CXX object CMakeFiles/cmTC_8ee93.dir/src.cxx.o
/Applications/Xcode-14.0.1.app/Contents/Developer/Toolchains/XcodeDefault.xctoolchain/usr/bin/c++ -DHAVE_LIBATOMIC  -arch arm64 -isysroot /Applications/Xcode-14.0.1.app/Contents/Developer/Platforms/MacOSX.platform/Developer/SDKs/MacOSX12.3.sdk -MD -MT CMakeFiles/cmTC_8ee93.dir/src.cxx.o -MF CMakeFiles/cmTC_8ee93.dir/src.cxx.o.d -o CMakeFiles/cmTC_8ee93.dir/src.cxx.o -c /Users/zacharylineman/Developer/GitHub/Hephaestus/Games/GameOfLife/build/CMakeFiles/CMakeTmp/src.cxx
/Users/zacharylineman/Developer/GitHub/Hephaestus/Games/GameOfLife/build/CMakeFiles/CMakeTmp/src.cxx:2:21: error: expected ';' after top level declarator
std::atomic<int> foo{0};
                    ^
                    ;
1 error generated.
make[1]: *** [CMakeFiles/cmTC_8ee93.dir/src.cxx.o] Error 1
make: *** [cmTC_8ee93/fast] Error 2


Source file was:
#include <atomic>
std::atomic<int> foo{0};
int main() { return foo.fetch_add(2); }
Determining if the function __android_log_print exists in the log failed with the following output:
Change Dir: /Users/zacharylineman/Developer/GitHub/Hephaestus/Games/GameOfLife/build/CMakeFiles/CMakeTmp

Run Build Command(s):/usr/bin/make -f Makefile cmTC_17938/fast && /Applications/Xcode-14.0.1.app/Contents/Developer/usr/bin/make  -f CMakeFiles/cmTC_17938.dir/build.make CMakeFiles/cmTC_17938.dir/build
Building C object CMakeFiles/cmTC_17938.dir/CheckFunctionExists.c.o
/Applications/Xcode-14.0.1.app/Contents/Developer/Toolchains/XcodeDefault.xctoolchain/usr/bin/cc   -DCHECK_FUNCTION_EXISTS=__android_log_print -arch arm64 -isysroot /Applications/Xcode-14.0.1.app/Contents/Developer/Platforms/MacOSX.platform/Developer/SDKs/MacOSX12.3.sdk -MD -MT CMakeFiles/cmTC_17938.dir/CheckFunctionExists.c.o -MF CMakeFiles/cmTC_17938.dir/CheckFunctionExists.c.o.d -o CMakeFiles/cmTC_17938.dir/CheckFunctionExists.c.o -c "/Users/zacharylineman/Library/Application Support/JetBrains/Toolbox/apps/CLion/ch-0/222.4167.35/CLion.app/Contents/bin/cmake/mac/share/cmake-3.23/Modules/CheckFunctionExists.c"
Linking C executable cmTC_17938
"/Users/zacharylineman/Library/Application Support/JetBrains/Toolbox/apps/CLion/ch-0/222.4167.35/CLion.app/Contents/bin/cmake/mac/bin/cmake" -E cmake_link_script CMakeFiles/cmTC_17938.dir/link.txt --verbose=1
/Applications/Xcode-14.0.1.app/Contents/Developer/Toolchains/XcodeDefault.xctoolchain/usr/bin/cc  -DCHECK_FUNCTION_EXISTS=__android_log_print -arch arm64 -isysroot /Applications/Xcode-14.0.1.app/Contents/Developer/Platforms/MacOSX.platform/Developer/SDKs/MacOSX12.3.sdk -Wl,-search_paths_first -Wl,-headerpad_max_install_names CMakeFiles/cmTC_17938.dir/CheckFunctionExists.c.o -o cmTC_17938  -llog 
ld: library not found for -llog
clang: error: linker command failed with exit code 1 (use -v to see invocation)
make[1]: *** [cmTC_17938] Error 1
make: *** [cmTC_17938/fast] Error 2



Performing C SOURCE FILE Test HAVE_GCC_PROTECTED_VISIBILITY failed with the following output:
Change Dir: /Users/zacharylineman/Developer/GitHub/Hephaestus/Games/GameOfLife/build/CMakeFiles/CMakeTmp

Run Build Command(s):/usr/bin/make -f Makefile cmTC_73c03/fast && /Applications/Xcode-14.0.1.app/Contents/Developer/usr/bin/make  -f CMakeFiles/cmTC_73c03.dir/build.make CMakeFiles/cmTC_73c03.dir/build
Building C object CMakeFiles/cmTC_73c03.dir/src.c.o
/Applications/Xcode-14.0.1.app/Contents/Developer/Toolchains/XcodeDefault.xctoolchain/usr/bin/cc -DHAVE_GCC_PROTECTED_VISIBILITY  -Wattributes -Werror -arch arm64 -isysroot /Applications/Xcode-14.0.1.app/Contents/Developer/Platforms/MacOSX.platform/Developer/SDKs/MacOSX12.3.sdk -MD -MT CMakeFiles/cmTC_73c03.dir/src.c.o -MF CMakeFiles/cmTC_73c03.dir/src.c.o.d -o CMakeFiles/cmTC_73c03.dir/src.c.o -c /Users/zacharylineman/Developer/GitHub/Hephaestus/Games/GameOfLife/build/CMakeFiles/CMakeTmp/src.c
/Users/zacharylineman/Developer/GitHub/Hephaestus/Games/GameOfLife/build/CMakeFiles/CMakeTmp/src.c:1:26: error: target does not support 'protected' visibility; using 'default' [-Werror,-Wunsupported-visibility]
int foo() __attribute__((visibility("protected")));
                         ^
1 error generated.
make[1]: *** [CMakeFiles/cmTC_73c03.dir/src.c.o] Error 1
make: *** [cmTC_73c03/fast] Error 2


Source file was:
int foo() __attribute__((visibility("protected")));
                             int main() {return 0;}
Performing C SOURCE FILE Test HAVE_MSSE2_SWITCH failed with the following output:
Change Dir: /Users/zacharylineman/Developer/GitHub/Hephaestus/Games/GameOfLife/build/CMakeFiles/CMakeTmp

Run Build Command(s):/usr/bin/make -f Makefile cmTC_93aed/fast && /Applications/Xcode-14.0.1.app/Contents/Developer/usr/bin/make  -f CMakeFiles/cmTC_93aed.dir/build.make CMakeFiles/cmTC_93aed.dir/build
Building C object CMakeFiles/cmTC_93aed.dir/src.c.o
/Applications/Xcode-14.0.1.app/Contents/Developer/Toolchains/XcodeDefault.xctoolchain/usr/bin/cc -DHAVE_MSSE2_SWITCH  -Werror -arch arm64 -isysroot /Applications/Xcode-14.0.1.app/Contents/Developer/Platforms/MacOSX.platform/Developer/SDKs/MacOSX12.3.sdk   -msse2 -MD -MT CMakeFiles/cmTC_93aed.dir/src.c.o -MF CMakeFiles/cmTC_93aed.dir/src.c.o.d -o CMakeFiles/cmTC_93aed.dir/src.c.o -c /Users/zacharylineman/Developer/GitHub/Hephaestus/Games/GameOfLife/build/CMakeFiles/CMakeTmp/src.c
clang: error: argument unused during compilation: '-msse2' [-Werror,-Wunused-command-line-argument]
make[1]: *** [CMakeFiles/cmTC_93aed.dir/src.c.o] Error 1
make: *** [cmTC_93aed/fast] Error 2


Source file was:
int main(void) { return 0; }
Determining if the include file xmmintrin.h exists failed with the following output:
Change Dir: /Users/zacharylineman/Developer/GitHub/Hephaestus/Games/GameOfLife/build/CMakeFiles/CMakeTmp

Run Build Command(s):/usr/bin/make -f Makefile cmTC_bf682/fast && /Applications/Xcode-14.0.1.app/Contents/Developer/usr/bin/make  -f CMakeFiles/cmTC_bf682.dir/build.make CMakeFiles/cmTC_bf682.dir/build
Building C object CMakeFiles/cmTC_bf682.dir/CheckIncludeFile.c.o
/Applications/Xcode-14.0.1.app/Contents/Developer/Toolchains/XcodeDefault.xctoolchain/usr/bin/cc   -arch arm64 -isysroot /Applications/Xcode-14.0.1.app/Contents/Developer/Platforms/MacOSX.platform/Developer/SDKs/MacOSX12.3.sdk -MD -MT CMakeFiles/cmTC_bf682.dir/CheckIncludeFile.c.o -MF CMakeFiles/cmTC_bf682.dir/CheckIncludeFile.c.o.d -o CMakeFiles/cmTC_bf682.dir/CheckIncludeFile.c.o -c /Users/zacharylineman/Developer/GitHub/Hephaestus/Games/GameOfLife/build/CMakeFiles/CMakeTmp/CheckIncludeFile.c
In file included from /Users/zacharylineman/Developer/GitHub/Hephaestus/Games/GameOfLife/build/CMakeFiles/CMakeTmp/CheckIncludeFile.c:1:
/Applications/Xcode-14.0.1.app/Contents/Developer/Toolchains/XcodeDefault.xctoolchain/usr/lib/clang/14.0.0/include/xmmintrin.h:14:2: error: "This header is only meant to be used on x86 and x64 architecture"
#error "This header is only meant to be used on x86 and x64 architecture"
 ^
In file included from /Users/zacharylineman/Developer/GitHub/Hephaestus/Games/GameOfLife/build/CMakeFiles/CMakeTmp/CheckIncludeFile.c:1:
In file included from /Applications/Xcode-14.0.1.app/Contents/Developer/Toolchains/XcodeDefault.xctoolchain/usr/lib/clang/14.0.0/include/xmmintrin.h:17:
/Applications/Xcode-14.0.1.app/Contents/Developer/Toolchains/XcodeDefault.xctoolchain/usr/lib/clang/14.0.0/include/mmintrin.h:14:2: error: "This header is only meant to be used on x86 and x64 architecture"
#error "This header is only meant to be used on x86 and x64 architecture"
 ^
/Applications/Xcode-14.0.1.app/Contents/Developer/Toolchains/XcodeDefault.xctoolchain/usr/lib/clang/14.0.0/include/mmintrin.h:54:12: error: invalid conversion between vector type '__m64' (vector of 1 'long long' value) and integer type 'int' of different size
    return (__m64)__builtin_ia32_vec_init_v2si(__i, 0);
           ^~~~~~~~~~~~~~~~~~~~~~~~~~~~~~~~~~~~~~~~~~~
/Applications/Xcode-14.0.1.app/Contents/Developer/Toolchains/XcodeDefault.xctoolchain/usr/lib/clang/14.0.0/include/mmintrin.h:133:12: error: invalid conversion between vector type '__m64' (vector of 1 'long long' value) and integer type 'int' of different size
    return (__m64)__builtin_ia32_packsswb((__v4hi)__m1, (__v4hi)__m2);
           ^~~~~~~~~~~~~~~~~~~~~~~~~~~~~~~~~~~~~~~~~~~~~~~~~~~~~~~~~~
/Applications/Xcode-14.0.1.app/Contents/Developer/Toolchains/XcodeDefault.xctoolchain/usr/lib/clang/14.0.0/include/mmintrin.h:163:12: error: invalid conversion between vector type '__m64' (vector of 1 'long long' value) and integer type 'int' of different size
    return (__m64)__builtin_ia32_packssdw((__v2si)__m1, (__v2si)__m2);
           ^~~~~~~~~~~~~~~~~~~~~~~~~~~~~~~~~~~~~~~~~~~~~~~~~~~~~~~~~~
/Applications/Xcode-14.0.1.app/Contents/Developer/Toolchains/XcodeDefault.xctoolchain/usr/lib/clang/14.0.0/include/mmintrin.h:193:12: error: invalid conversion between vector type '__m64' (vector of 1 'long long' value) and integer type 'int' of different size
    return (__m64)__builtin_ia32_packuswb((__v4hi)__m1, (__v4hi)__m2);
           ^~~~~~~~~~~~~~~~~~~~~~~~~~~~~~~~~~~~~~~~~~~~~~~~~~~~~~~~~~
/Applications/Xcode-14.0.1.app/Contents/Developer/Toolchains/XcodeDefault.xctoolchain/usr/lib/clang/14.0.0/include/mmintrin.h:220:12: error: invalid conversion between vector type '__m64' (vector of 1 'long long' value) and integer type 'int' of different size
    return (__m64)__builtin_ia32_punpckhbw((__v8qi)__m1, (__v8qi)__m2);
           ^~~~~~~~~~~~~~~~~~~~~~~~~~~~~~~~~~~~~~~~~~~~~~~~~~~~~~~~~~~
/Applications/Xcode-14.0.1.app/Contents/Developer/Toolchains/XcodeDefault.xctoolchain/usr/lib/clang/14.0.0/include/mmintrin.h:243:12: error: invalid conversion between vector type '__m64' (vector of 1 'long long' value) and integer type 'int' of different size
    return (__m64)__builtin_ia32_punpckhwd((__v4hi)__m1, (__v4hi)__m2);
           ^~~~~~~~~~~~~~~~~~~~~~~~~~~~~~~~~~~~~~~~~~~~~~~~~~~~~~~~~~~
/Applications/Xcode-14.0.1.app/Contents/Developer/Toolchains/XcodeDefault.xctoolchain/usr/lib/clang/14.0.0/include/mmintrin.h:264:12: error: invalid conversion between vector type '__m64' (vector of 1 'long long' value) and integer type 'int' of different size
    return (__m64)__builtin_ia32_punpckhdq((__v2si)__m1, (__v2si)__m2);
           ^~~~~~~~~~~~~~~~~~~~~~~~~~~~~~~~~~~~~~~~~~~~~~~~~~~~~~~~~~~
/Applications/Xcode-14.0.1.app/Contents/Developer/Toolchains/XcodeDefault.xctoolchain/usr/lib/clang/14.0.0/include/mmintrin.h:291:12: error: invalid conversion between vector type '__m64' (vector of 1 'long long' value) and integer type 'int' of different size
    return (__m64)__builtin_ia32_punpcklbw((__v8qi)__m1, (__v8qi)__m2);
           ^~~~~~~~~~~~~~~~~~~~~~~~~~~~~~~~~~~~~~~~~~~~~~~~~~~~~~~~~~~
/Applications/Xcode-14.0.1.app/Contents/Developer/Toolchains/XcodeDefault.xctoolchain/usr/lib/clang/14.0.0/include/mmintrin.h:314:12: error: invalid conversion between vector type '__m64' (vector of 1 'long long' value) and integer type 'int' of different size
    return (__m64)__builtin_ia32_punpcklwd((__v4hi)__m1, (__v4hi)__m2);
           ^~~~~~~~~~~~~~~~~~~~~~~~~~~~~~~~~~~~~~~~~~~~~~~~~~~~~~~~~~~
/Applications/Xcode-14.0.1.app/Contents/Developer/Toolchains/XcodeDefault.xctoolchain/usr/lib/clang/14.0.0/include/mmintrin.h:335:12: error: invalid conversion between vector type '__m64' (vector of 1 'long long' value) and integer type 'int' of different size
    return (__m64)__builtin_ia32_punpckldq((__v2si)__m1, (__v2si)__m2);
           ^~~~~~~~~~~~~~~~~~~~~~~~~~~~~~~~~~~~~~~~~~~~~~~~~~~~~~~~~~~
/Applications/Xcode-14.0.1.app/Contents/Developer/Toolchains/XcodeDefault.xctoolchain/usr/lib/clang/14.0.0/include/mmintrin.h:356:12: error: invalid conversion between vector type '__m64' (vector of 1 'long long' value) and integer type 'int' of different size
    return (__m64)__builtin_ia32_paddb((__v8qi)__m1, (__v8qi)__m2);
           ^~~~~~~~~~~~~~~~~~~~~~~~~~~~~~~~~~~~~~~~~~~~~~~~~~~~~~~
/Applications/Xcode-14.0.1.app/Contents/Developer/Toolchains/XcodeDefault.xctoolchain/usr/lib/clang/14.0.0/include/mmintrin.h:377:12: error: invalid conversion between vector type '__m64' (vector of 1 'long long' value) and integer type 'int' of different size
    return (__m64)__builtin_ia32_paddw((__v4hi)__m1, (__v4hi)__m2);
           ^~~~~~~~~~~~~~~~~~~~~~~~~~~~~~~~~~~~~~~~~~~~~~~~~~~~~~~
/Applications/Xcode-14.0.1.app/Contents/Developer/Toolchains/XcodeDefault.xctoolchain/usr/lib/clang/14.0.0/include/mmintrin.h:398:12: error: invalid conversion between vector type '__m64' (vector of 1 'long long' value) and integer type 'int' of different size
    return (__m64)__builtin_ia32_paddd((__v2si)__m1, (__v2si)__m2);
           ^~~~~~~~~~~~~~~~~~~~~~~~~~~~~~~~~~~~~~~~~~~~~~~~~~~~~~~
/Applications/Xcode-14.0.1.app/Contents/Developer/Toolchains/XcodeDefault.xctoolchain/usr/lib/clang/14.0.0/include/mmintrin.h:420:12: error: invalid conversion between vector type '__m64' (vector of 1 'long long' value) and integer type 'int' of different size
    return (__m64)__builtin_ia32_paddsb((__v8qi)__m1, (__v8qi)__m2);
           ^~~~~~~~~~~~~~~~~~~~~~~~~~~~~~~~~~~~~~~~~~~~~~~~~~~~~~~~
/Applications/Xcode-14.0.1.app/Contents/Developer/Toolchains/XcodeDefault.xctoolchain/usr/lib/clang/14.0.0/include/mmintrin.h:443:12: error: invalid conversion between vector type '__m64' (vector of 1 'long long' value) and integer type 'int' of different size
    return (__m64)__builtin_ia32_paddsw((__v4hi)__m1, (__v4hi)__m2);
           ^~~~~~~~~~~~~~~~~~~~~~~~~~~~~~~~~~~~~~~~~~~~~~~~~~~~~~~~
/Applications/Xcode-14.0.1.app/Contents/Developer/Toolchains/XcodeDefault.xctoolchain/usr/lib/clang/14.0.0/include/mmintrin.h:465:12: error: invalid conversion between vector type '__m64' (vector of 1 'long long' value) and integer type 'int' of different size
    return (__m64)__builtin_ia32_paddusb((__v8qi)__m1, (__v8qi)__m2);
           ^~~~~~~~~~~~~~~~~~~~~~~~~~~~~~~~~~~~~~~~~~~~~~~~~~~~~~~~~
/Applications/Xcode-14.0.1.app/Contents/Developer/Toolchains/XcodeDefault.xctoolchain/usr/lib/clang/14.0.0/include/mmintrin.h:487:12: error: invalid conversion between vector type '__m64' (vector of 1 'long long' value) and integer type 'int' of different size
    return (__m64)__builtin_ia32_paddusw((__v4hi)__m1, (__v4hi)__m2);
           ^~~~~~~~~~~~~~~~~~~~~~~~~~~~~~~~~~~~~~~~~~~~~~~~~~~~~~~~~
fatal error: too many errors emitted, stopping now [-ferror-limit=]
20 errors generated.
make[1]: *** [CMakeFiles/cmTC_bf682.dir/CheckIncludeFile.c.o] Error 1
make: *** [cmTC_bf682/fast] Error 2



Determining if the include file emmintrin.h exists failed with the following output:
Change Dir: /Users/zacharylineman/Developer/GitHub/Hephaestus/Games/GameOfLife/build/CMakeFiles/CMakeTmp

Run Build Command(s):/usr/bin/make -f Makefile cmTC_afc88/fast && /Applications/Xcode-14.0.1.app/Contents/Developer/usr/bin/make  -f CMakeFiles/cmTC_afc88.dir/build.make CMakeFiles/cmTC_afc88.dir/build
Building C object CMakeFiles/cmTC_afc88.dir/CheckIncludeFile.c.o
/Applications/Xcode-14.0.1.app/Contents/Developer/Toolchains/XcodeDefault.xctoolchain/usr/bin/cc   -arch arm64 -isysroot /Applications/Xcode-14.0.1.app/Contents/Developer/Platforms/MacOSX.platform/Developer/SDKs/MacOSX12.3.sdk -MD -MT CMakeFiles/cmTC_afc88.dir/CheckIncludeFile.c.o -MF CMakeFiles/cmTC_afc88.dir/CheckIncludeFile.c.o.d -o CMakeFiles/cmTC_afc88.dir/CheckIncludeFile.c.o -c /Users/zacharylineman/Developer/GitHub/Hephaestus/Games/GameOfLife/build/CMakeFiles/CMakeTmp/CheckIncludeFile.c
In file included from /Users/zacharylineman/Developer/GitHub/Hephaestus/Games/GameOfLife/build/CMakeFiles/CMakeTmp/CheckIncludeFile.c:1:
/Applications/Xcode-14.0.1.app/Contents/Developer/Toolchains/XcodeDefault.xctoolchain/usr/lib/clang/14.0.0/include/emmintrin.h:14:2: error: "This header is only meant to be used on x86 and x64 architecture"
#error "This header is only meant to be used on x86 and x64 architecture"
 ^
In file included from /Users/zacharylineman/Developer/GitHub/Hephaestus/Games/GameOfLife/build/CMakeFiles/CMakeTmp/CheckIncludeFile.c:1:
In file included from /Applications/Xcode-14.0.1.app/Contents/Developer/Toolchains/XcodeDefault.xctoolchain/usr/lib/clang/14.0.0/include/emmintrin.h:17:
/Applications/Xcode-14.0.1.app/Contents/Developer/Toolchains/XcodeDefault.xctoolchain/usr/lib/clang/14.0.0/include/xmmintrin.h:14:2: error: "This header is only meant to be used on x86 and x64 architecture"
#error "This header is only meant to be used on x86 and x64 architecture"
 ^
In file included from /Users/zacharylineman/Developer/GitHub/Hephaestus/Games/GameOfLife/build/CMakeFiles/CMakeTmp/CheckIncludeFile.c:1:
In file included from /Applications/Xcode-14.0.1.app/Contents/Developer/Toolchains/XcodeDefault.xctoolchain/usr/lib/clang/14.0.0/include/emmintrin.h:17:
In file included from /Applications/Xcode-14.0.1.app/Contents/Developer/Toolchains/XcodeDefault.xctoolchain/usr/lib/clang/14.0.0/include/xmmintrin.h:17:
/Applications/Xcode-14.0.1.app/Contents/Developer/Toolchains/XcodeDefault.xctoolchain/usr/lib/clang/14.0.0/include/mmintrin.h:14:2: error: "This header is only meant to be used on x86 and x64 architecture"
#error "This header is only meant to be used on x86 and x64 architecture"
 ^
/Applications/Xcode-14.0.1.app/Contents/Developer/Toolchains/XcodeDefault.xctoolchain/usr/lib/clang/14.0.0/include/mmintrin.h:54:12: error: invalid conversion between vector type '__m64' (vector of 1 'long long' value) and integer type 'int' of different size
    return (__m64)__builtin_ia32_vec_init_v2si(__i, 0);
           ^~~~~~~~~~~~~~~~~~~~~~~~~~~~~~~~~~~~~~~~~~~
/Applications/Xcode-14.0.1.app/Contents/Developer/Toolchains/XcodeDefault.xctoolchain/usr/lib/clang/14.0.0/include/mmintrin.h:133:12: error: invalid conversion between vector type '__m64' (vector of 1 'long long' value) and integer type 'int' of different size
    return (__m64)__builtin_ia32_packsswb((__v4hi)__m1, (__v4hi)__m2);
           ^~~~~~~~~~~~~~~~~~~~~~~~~~~~~~~~~~~~~~~~~~~~~~~~~~~~~~~~~~
/Applications/Xcode-14.0.1.app/Contents/Developer/Toolchains/XcodeDefault.xctoolchain/usr/lib/clang/14.0.0/include/mmintrin.h:163:12: error: invalid conversion between vector type '__m64' (vector of 1 'long long' value) and integer type 'int' of different size
    return (__m64)__builtin_ia32_packssdw((__v2si)__m1, (__v2si)__m2);
           ^~~~~~~~~~~~~~~~~~~~~~~~~~~~~~~~~~~~~~~~~~~~~~~~~~~~~~~~~~
/Applications/Xcode-14.0.1.app/Contents/Developer/Toolchains/XcodeDefault.xctoolchain/usr/lib/clang/14.0.0/include/mmintrin.h:193:12: error: invalid conversion between vector type '__m64' (vector of 1 'long long' value) and integer type 'int' of different size
    return (__m64)__builtin_ia32_packuswb((__v4hi)__m1, (__v4hi)__m2);
           ^~~~~~~~~~~~~~~~~~~~~~~~~~~~~~~~~~~~~~~~~~~~~~~~~~~~~~~~~~
/Applications/Xcode-14.0.1.app/Contents/Developer/Toolchains/XcodeDefault.xctoolchain/usr/lib/clang/14.0.0/include/mmintrin.h:220:12: error: invalid conversion between vector type '__m64' (vector of 1 'long long' value) and integer type 'int' of different size
    return (__m64)__builtin_ia32_punpckhbw((__v8qi)__m1, (__v8qi)__m2);
           ^~~~~~~~~~~~~~~~~~~~~~~~~~~~~~~~~~~~~~~~~~~~~~~~~~~~~~~~~~~
/Applications/Xcode-14.0.1.app/Contents/Developer/Toolchains/XcodeDefault.xctoolchain/usr/lib/clang/14.0.0/include/mmintrin.h:243:12: error: invalid conversion between vector type '__m64' (vector of 1 'long long' value) and integer type 'int' of different size
    return (__m64)__builtin_ia32_punpckhwd((__v4hi)__m1, (__v4hi)__m2);
           ^~~~~~~~~~~~~~~~~~~~~~~~~~~~~~~~~~~~~~~~~~~~~~~~~~~~~~~~~~~
/Applications/Xcode-14.0.1.app/Contents/Developer/Toolchains/XcodeDefault.xctoolchain/usr/lib/clang/14.0.0/include/mmintrin.h:264:12: error: invalid conversion between vector type '__m64' (vector of 1 'long long' value) and integer type 'int' of different size
    return (__m64)__builtin_ia32_punpckhdq((__v2si)__m1, (__v2si)__m2);
           ^~~~~~~~~~~~~~~~~~~~~~~~~~~~~~~~~~~~~~~~~~~~~~~~~~~~~~~~~~~
/Applications/Xcode-14.0.1.app/Contents/Developer/Toolchains/XcodeDefault.xctoolchain/usr/lib/clang/14.0.0/include/mmintrin.h:291:12: error: invalid conversion between vector type '__m64' (vector of 1 'long long' value) and integer type 'int' of different size
    return (__m64)__builtin_ia32_punpcklbw((__v8qi)__m1, (__v8qi)__m2);
           ^~~~~~~~~~~~~~~~~~~~~~~~~~~~~~~~~~~~~~~~~~~~~~~~~~~~~~~~~~~
/Applications/Xcode-14.0.1.app/Contents/Developer/Toolchains/XcodeDefault.xctoolchain/usr/lib/clang/14.0.0/include/mmintrin.h:314:12: error: invalid conversion between vector type '__m64' (vector of 1 'long long' value) and integer type 'int' of different size
    return (__m64)__builtin_ia32_punpcklwd((__v4hi)__m1, (__v4hi)__m2);
           ^~~~~~~~~~~~~~~~~~~~~~~~~~~~~~~~~~~~~~~~~~~~~~~~~~~~~~~~~~~
/Applications/Xcode-14.0.1.app/Contents/Developer/Toolchains/XcodeDefault.xctoolchain/usr/lib/clang/14.0.0/include/mmintrin.h:335:12: error: invalid conversion between vector type '__m64' (vector of 1 'long long' value) and integer type 'int' of different size
    return (__m64)__builtin_ia32_punpckldq((__v2si)__m1, (__v2si)__m2);
           ^~~~~~~~~~~~~~~~~~~~~~~~~~~~~~~~~~~~~~~~~~~~~~~~~~~~~~~~~~~
/Applications/Xcode-14.0.1.app/Contents/Developer/Toolchains/XcodeDefault.xctoolchain/usr/lib/clang/14.0.0/include/mmintrin.h:356:12: error: invalid conversion between vector type '__m64' (vector of 1 'long long' value) and integer type 'int' of different size
    return (__m64)__builtin_ia32_paddb((__v8qi)__m1, (__v8qi)__m2);
           ^~~~~~~~~~~~~~~~~~~~~~~~~~~~~~~~~~~~~~~~~~~~~~~~~~~~~~~
/Applications/Xcode-14.0.1.app/Contents/Developer/Toolchains/XcodeDefault.xctoolchain/usr/lib/clang/14.0.0/include/mmintrin.h:377:12: error: invalid conversion between vector type '__m64' (vector of 1 'long long' value) and integer type 'int' of different size
    return (__m64)__builtin_ia32_paddw((__v4hi)__m1, (__v4hi)__m2);
           ^~~~~~~~~~~~~~~~~~~~~~~~~~~~~~~~~~~~~~~~~~~~~~~~~~~~~~~
/Applications/Xcode-14.0.1.app/Contents/Developer/Toolchains/XcodeDefault.xctoolchain/usr/lib/clang/14.0.0/include/mmintrin.h:398:12: error: invalid conversion between vector type '__m64' (vector of 1 'long long' value) and integer type 'int' of different size
    return (__m64)__builtin_ia32_paddd((__v2si)__m1, (__v2si)__m2);
           ^~~~~~~~~~~~~~~~~~~~~~~~~~~~~~~~~~~~~~~~~~~~~~~~~~~~~~~
/Applications/Xcode-14.0.1.app/Contents/Developer/Toolchains/XcodeDefault.xctoolchain/usr/lib/clang/14.0.0/include/mmintrin.h:420:12: error: invalid conversion between vector type '__m64' (vector of 1 'long long' value) and integer type 'int' of different size
    return (__m64)__builtin_ia32_paddsb((__v8qi)__m1, (__v8qi)__m2);
           ^~~~~~~~~~~~~~~~~~~~~~~~~~~~~~~~~~~~~~~~~~~~~~~~~~~~~~~~
/Applications/Xcode-14.0.1.app/Contents/Developer/Toolchains/XcodeDefault.xctoolchain/usr/lib/clang/14.0.0/include/mmintrin.h:443:12: error: invalid conversion between vector type '__m64' (vector of 1 'long long' value) and integer type 'int' of different size
    return (__m64)__builtin_ia32_paddsw((__v4hi)__m1, (__v4hi)__m2);
           ^~~~~~~~~~~~~~~~~~~~~~~~~~~~~~~~~~~~~~~~~~~~~~~~~~~~~~~~
/Applications/Xcode-14.0.1.app/Contents/Developer/Toolchains/XcodeDefault.xctoolchain/usr/lib/clang/14.0.0/include/mmintrin.h:465:12: error: invalid conversion between vector type '__m64' (vector of 1 'long long' value) and integer type 'int' of different size
    return (__m64)__builtin_ia32_paddusb((__v8qi)__m1, (__v8qi)__m2);
           ^~~~~~~~~~~~~~~~~~~~~~~~~~~~~~~~~~~~~~~~~~~~~~~~~~~~~~~~~
fatal error: too many errors emitted, stopping now [-ferror-limit=]
20 errors generated.
make[1]: *** [CMakeFiles/cmTC_afc88.dir/CheckIncludeFile.c.o] Error 1
make: *** [cmTC_afc88/fast] Error 2



Determining if the include file pmmintrin.h exists failed with the following output:
Change Dir: /Users/zacharylineman/Developer/GitHub/Hephaestus/Games/GameOfLife/build/CMakeFiles/CMakeTmp

Run Build Command(s):/usr/bin/make -f Makefile cmTC_10d7f/fast && /Applications/Xcode-14.0.1.app/Contents/Developer/usr/bin/make  -f CMakeFiles/cmTC_10d7f.dir/build.make CMakeFiles/cmTC_10d7f.dir/build
Building C object CMakeFiles/cmTC_10d7f.dir/CheckIncludeFile.c.o
/Applications/Xcode-14.0.1.app/Contents/Developer/Toolchains/XcodeDefault.xctoolchain/usr/bin/cc   -arch arm64 -isysroot /Applications/Xcode-14.0.1.app/Contents/Developer/Platforms/MacOSX.platform/Developer/SDKs/MacOSX12.3.sdk -MD -MT CMakeFiles/cmTC_10d7f.dir/CheckIncludeFile.c.o -MF CMakeFiles/cmTC_10d7f.dir/CheckIncludeFile.c.o.d -o CMakeFiles/cmTC_10d7f.dir/CheckIncludeFile.c.o -c /Users/zacharylineman/Developer/GitHub/Hephaestus/Games/GameOfLife/build/CMakeFiles/CMakeTmp/CheckIncludeFile.c
In file included from /Users/zacharylineman/Developer/GitHub/Hephaestus/Games/GameOfLife/build/CMakeFiles/CMakeTmp/CheckIncludeFile.c:1:
/Applications/Xcode-14.0.1.app/Contents/Developer/Toolchains/XcodeDefault.xctoolchain/usr/lib/clang/14.0.0/include/pmmintrin.h:14:2: error: "This header is only meant to be used on x86 and x64 architecture"
#error "This header is only meant to be used on x86 and x64 architecture"
 ^
In file included from /Users/zacharylineman/Developer/GitHub/Hephaestus/Games/GameOfLife/build/CMakeFiles/CMakeTmp/CheckIncludeFile.c:1:
In file included from /Applications/Xcode-14.0.1.app/Contents/Developer/Toolchains/XcodeDefault.xctoolchain/usr/lib/clang/14.0.0/include/pmmintrin.h:17:
/Applications/Xcode-14.0.1.app/Contents/Developer/Toolchains/XcodeDefault.xctoolchain/usr/lib/clang/14.0.0/include/emmintrin.h:14:2: error: "This header is only meant to be used on x86 and x64 architecture"
#error "This header is only meant to be used on x86 and x64 architecture"
 ^
In file included from /Users/zacharylineman/Developer/GitHub/Hephaestus/Games/GameOfLife/build/CMakeFiles/CMakeTmp/CheckIncludeFile.c:1:
In file included from /Applications/Xcode-14.0.1.app/Contents/Developer/Toolchains/XcodeDefault.xctoolchain/usr/lib/clang/14.0.0/include/pmmintrin.h:17:
In file included from /Applications/Xcode-14.0.1.app/Contents/Developer/Toolchains/XcodeDefault.xctoolchain/usr/lib/clang/14.0.0/include/emmintrin.h:17:
/Applications/Xcode-14.0.1.app/Contents/Developer/Toolchains/XcodeDefault.xctoolchain/usr/lib/clang/14.0.0/include/xmmintrin.h:14:2: error: "This header is only meant to be used on x86 and x64 architecture"
#error "This header is only meant to be used on x86 and x64 architecture"
 ^
In file included from /Users/zacharylineman/Developer/GitHub/Hephaestus/Games/GameOfLife/build/CMakeFiles/CMakeTmp/CheckIncludeFile.c:1:
In file included from /Applications/Xcode-14.0.1.app/Contents/Developer/Toolchains/XcodeDefault.xctoolchain/usr/lib/clang/14.0.0/include/pmmintrin.h:17:
In file included from /Applications/Xcode-14.0.1.app/Contents/Developer/Toolchains/XcodeDefault.xctoolchain/usr/lib/clang/14.0.0/include/emmintrin.h:17:
In file included from /Applications/Xcode-14.0.1.app/Contents/Developer/Toolchains/XcodeDefault.xctoolchain/usr/lib/clang/14.0.0/include/xmmintrin.h:17:
/Applications/Xcode-14.0.1.app/Contents/Developer/Toolchains/XcodeDefault.xctoolchain/usr/lib/clang/14.0.0/include/mmintrin.h:14:2: error: "This header is only meant to be used on x86 and x64 architecture"
#error "This header is only meant to be used on x86 and x64 architecture"
 ^
/Applications/Xcode-14.0.1.app/Contents/Developer/Toolchains/XcodeDefault.xctoolchain/usr/lib/clang/14.0.0/include/mmintrin.h:54:12: error: invalid conversion between vector type '__m64' (vector of 1 'long long' value) and integer type 'int' of different size
    return (__m64)__builtin_ia32_vec_init_v2si(__i, 0);
           ^~~~~~~~~~~~~~~~~~~~~~~~~~~~~~~~~~~~~~~~~~~
/Applications/Xcode-14.0.1.app/Contents/Developer/Toolchains/XcodeDefault.xctoolchain/usr/lib/clang/14.0.0/include/mmintrin.h:133:12: error: invalid conversion between vector type '__m64' (vector of 1 'long long' value) and integer type 'int' of different size
    return (__m64)__builtin_ia32_packsswb((__v4hi)__m1, (__v4hi)__m2);
           ^~~~~~~~~~~~~~~~~~~~~~~~~~~~~~~~~~~~~~~~~~~~~~~~~~~~~~~~~~
/Applications/Xcode-14.0.1.app/Contents/Developer/Toolchains/XcodeDefault.xctoolchain/usr/lib/clang/14.0.0/include/mmintrin.h:163:12: error: invalid conversion between vector type '__m64' (vector of 1 'long long' value) and integer type 'int' of different size
    return (__m64)__builtin_ia32_packssdw((__v2si)__m1, (__v2si)__m2);
           ^~~~~~~~~~~~~~~~~~~~~~~~~~~~~~~~~~~~~~~~~~~~~~~~~~~~~~~~~~
/Applications/Xcode-14.0.1.app/Contents/Developer/Toolchains/XcodeDefault.xctoolchain/usr/lib/clang/14.0.0/include/mmintrin.h:193:12: error: invalid conversion between vector type '__m64' (vector of 1 'long long' value) and integer type 'int' of different size
    return (__m64)__builtin_ia32_packuswb((__v4hi)__m1, (__v4hi)__m2);
           ^~~~~~~~~~~~~~~~~~~~~~~~~~~~~~~~~~~~~~~~~~~~~~~~~~~~~~~~~~
/Applications/Xcode-14.0.1.app/Contents/Developer/Toolchains/XcodeDefault.xctoolchain/usr/lib/clang/14.0.0/include/mmintrin.h:220:12: error: invalid conversion between vector type '__m64' (vector of 1 'long long' value) and integer type 'int' of different size
    return (__m64)__builtin_ia32_punpckhbw((__v8qi)__m1, (__v8qi)__m2);
           ^~~~~~~~~~~~~~~~~~~~~~~~~~~~~~~~~~~~~~~~~~~~~~~~~~~~~~~~~~~
/Applications/Xcode-14.0.1.app/Contents/Developer/Toolchains/XcodeDefault.xctoolchain/usr/lib/clang/14.0.0/include/mmintrin.h:243:12: error: invalid conversion between vector type '__m64' (vector of 1 'long long' value) and integer type 'int' of different size
    return (__m64)__builtin_ia32_punpckhwd((__v4hi)__m1, (__v4hi)__m2);
           ^~~~~~~~~~~~~~~~~~~~~~~~~~~~~~~~~~~~~~~~~~~~~~~~~~~~~~~~~~~
/Applications/Xcode-14.0.1.app/Contents/Developer/Toolchains/XcodeDefault.xctoolchain/usr/lib/clang/14.0.0/include/mmintrin.h:264:12: error: invalid conversion between vector type '__m64' (vector of 1 'long long' value) and integer type 'int' of different size
    return (__m64)__builtin_ia32_punpckhdq((__v2si)__m1, (__v2si)__m2);
           ^~~~~~~~~~~~~~~~~~~~~~~~~~~~~~~~~~~~~~~~~~~~~~~~~~~~~~~~~~~
/Applications/Xcode-14.0.1.app/Contents/Developer/Toolchains/XcodeDefault.xctoolchain/usr/lib/clang/14.0.0/include/mmintrin.h:291:12: error: invalid conversion between vector type '__m64' (vector of 1 'long long' value) and integer type 'int' of different size
    return (__m64)__builtin_ia32_punpcklbw((__v8qi)__m1, (__v8qi)__m2);
           ^~~~~~~~~~~~~~~~~~~~~~~~~~~~~~~~~~~~~~~~~~~~~~~~~~~~~~~~~~~
/Applications/Xcode-14.0.1.app/Contents/Developer/Toolchains/XcodeDefault.xctoolchain/usr/lib/clang/14.0.0/include/mmintrin.h:314:12: error: invalid conversion between vector type '__m64' (vector of 1 'long long' value) and integer type 'int' of different size
    return (__m64)__builtin_ia32_punpcklwd((__v4hi)__m1, (__v4hi)__m2);
           ^~~~~~~~~~~~~~~~~~~~~~~~~~~~~~~~~~~~~~~~~~~~~~~~~~~~~~~~~~~
/Applications/Xcode-14.0.1.app/Contents/Developer/Toolchains/XcodeDefault.xctoolchain/usr/lib/clang/14.0.0/include/mmintrin.h:335:12: error: invalid conversion between vector type '__m64' (vector of 1 'long long' value) and integer type 'int' of different size
    return (__m64)__builtin_ia32_punpckldq((__v2si)__m1, (__v2si)__m2);
           ^~~~~~~~~~~~~~~~~~~~~~~~~~~~~~~~~~~~~~~~~~~~~~~~~~~~~~~~~~~
/Applications/Xcode-14.0.1.app/Contents/Developer/Toolchains/XcodeDefault.xctoolchain/usr/lib/clang/14.0.0/include/mmintrin.h:356:12: error: invalid conversion between vector type '__m64' (vector of 1 'long long' value) and integer type 'int' of different size
    return (__m64)__builtin_ia32_paddb((__v8qi)__m1, (__v8qi)__m2);
           ^~~~~~~~~~~~~~~~~~~~~~~~~~~~~~~~~~~~~~~~~~~~~~~~~~~~~~~
/Applications/Xcode-14.0.1.app/Contents/Developer/Toolchains/XcodeDefault.xctoolchain/usr/lib/clang/14.0.0/include/mmintrin.h:377:12: error: invalid conversion between vector type '__m64' (vector of 1 'long long' value) and integer type 'int' of different size
    return (__m64)__builtin_ia32_paddw((__v4hi)__m1, (__v4hi)__m2);
           ^~~~~~~~~~~~~~~~~~~~~~~~~~~~~~~~~~~~~~~~~~~~~~~~~~~~~~~
/Applications/Xcode-14.0.1.app/Contents/Developer/Toolchains/XcodeDefault.xctoolchain/usr/lib/clang/14.0.0/include/mmintrin.h:398:12: error: invalid conversion between vector type '__m64' (vector of 1 'long long' value) and integer type 'int' of different size
    return (__m64)__builtin_ia32_paddd((__v2si)__m1, (__v2si)__m2);
           ^~~~~~~~~~~~~~~~~~~~~~~~~~~~~~~~~~~~~~~~~~~~~~~~~~~~~~~
/Applications/Xcode-14.0.1.app/Contents/Developer/Toolchains/XcodeDefault.xctoolchain/usr/lib/clang/14.0.0/include/mmintrin.h:420:12: error: invalid conversion between vector type '__m64' (vector of 1 'long long' value) and integer type 'int' of different size
    return (__m64)__builtin_ia32_paddsb((__v8qi)__m1, (__v8qi)__m2);
           ^~~~~~~~~~~~~~~~~~~~~~~~~~~~~~~~~~~~~~~~~~~~~~~~~~~~~~~~
/Applications/Xcode-14.0.1.app/Contents/Developer/Toolchains/XcodeDefault.xctoolchain/usr/lib/clang/14.0.0/include/mmintrin.h:443:12: error: invalid conversion between vector type '__m64' (vector of 1 'long long' value) and integer type 'int' of different size
    return (__m64)__builtin_ia32_paddsw((__v4hi)__m1, (__v4hi)__m2);
           ^~~~~~~~~~~~~~~~~~~~~~~~~~~~~~~~~~~~~~~~~~~~~~~~~~~~~~~~
fatal error: too many errors emitted, stopping now [-ferror-limit=]
20 errors generated.
make[1]: *** [CMakeFiles/cmTC_10d7f.dir/CheckIncludeFile.c.o] Error 1
make: *** [cmTC_10d7f/fast] Error 2



Determining if the include file smmintrin.h exists failed with the following output:
Change Dir: /Users/zacharylineman/Developer/GitHub/Hephaestus/Games/GameOfLife/build/CMakeFiles/CMakeTmp

Run Build Command(s):/usr/bin/make -f Makefile cmTC_4507f/fast && /Applications/Xcode-14.0.1.app/Contents/Developer/usr/bin/make  -f CMakeFiles/cmTC_4507f.dir/build.make CMakeFiles/cmTC_4507f.dir/build
Building C object CMakeFiles/cmTC_4507f.dir/CheckIncludeFile.c.o
/Applications/Xcode-14.0.1.app/Contents/Developer/Toolchains/XcodeDefault.xctoolchain/usr/bin/cc   -arch arm64 -isysroot /Applications/Xcode-14.0.1.app/Contents/Developer/Platforms/MacOSX.platform/Developer/SDKs/MacOSX12.3.sdk -MD -MT CMakeFiles/cmTC_4507f.dir/CheckIncludeFile.c.o -MF CMakeFiles/cmTC_4507f.dir/CheckIncludeFile.c.o.d -o CMakeFiles/cmTC_4507f.dir/CheckIncludeFile.c.o -c /Users/zacharylineman/Developer/GitHub/Hephaestus/Games/GameOfLife/build/CMakeFiles/CMakeTmp/CheckIncludeFile.c
In file included from /Users/zacharylineman/Developer/GitHub/Hephaestus/Games/GameOfLife/build/CMakeFiles/CMakeTmp/CheckIncludeFile.c:1:
/Applications/Xcode-14.0.1.app/Contents/Developer/Toolchains/XcodeDefault.xctoolchain/usr/lib/clang/14.0.0/include/smmintrin.h:14:2: error: "This header is only meant to be used on x86 and x64 architecture"
#error "This header is only meant to be used on x86 and x64 architecture"
 ^
In file included from /Users/zacharylineman/Developer/GitHub/Hephaestus/Games/GameOfLife/build/CMakeFiles/CMakeTmp/CheckIncludeFile.c:1:
In file included from /Applications/Xcode-14.0.1.app/Contents/Developer/Toolchains/XcodeDefault.xctoolchain/usr/lib/clang/14.0.0/include/smmintrin.h:17:
/Applications/Xcode-14.0.1.app/Contents/Developer/Toolchains/XcodeDefault.xctoolchain/usr/lib/clang/14.0.0/include/tmmintrin.h:14:2: error: "This header is only meant to be used on x86 and x64 architecture"
#error "This header is only meant to be used on x86 and x64 architecture"
 ^
In file included from /Users/zacharylineman/Developer/GitHub/Hephaestus/Games/GameOfLife/build/CMakeFiles/CMakeTmp/CheckIncludeFile.c:1:
In file included from /Applications/Xcode-14.0.1.app/Contents/Developer/Toolchains/XcodeDefault.xctoolchain/usr/lib/clang/14.0.0/include/smmintrin.h:17:
In file included from /Applications/Xcode-14.0.1.app/Contents/Developer/Toolchains/XcodeDefault.xctoolchain/usr/lib/clang/14.0.0/include/tmmintrin.h:17:
/Applications/Xcode-14.0.1.app/Contents/Developer/Toolchains/XcodeDefault.xctoolchain/usr/lib/clang/14.0.0/include/pmmintrin.h:14:2: error: "This header is only meant to be used on x86 and x64 architecture"
#error "This header is only meant to be used on x86 and x64 architecture"
 ^
In file included from /Users/zacharylineman/Developer/GitHub/Hephaestus/Games/GameOfLife/build/CMakeFiles/CMakeTmp/CheckIncludeFile.c:1:
In file included from /Applications/Xcode-14.0.1.app/Contents/Developer/Toolchains/XcodeDefault.xctoolchain/usr/lib/clang/14.0.0/include/smmintrin.h:17:
In file included from /Applications/Xcode-14.0.1.app/Contents/Developer/Toolchains/XcodeDefault.xctoolchain/usr/lib/clang/14.0.0/include/tmmintrin.h:17:
In file included from /Applications/Xcode-14.0.1.app/Contents/Developer/Toolchains/XcodeDefault.xctoolchain/usr/lib/clang/14.0.0/include/pmmintrin.h:17:
/Applications/Xcode-14.0.1.app/Contents/Developer/Toolchains/XcodeDefault.xctoolchain/usr/lib/clang/14.0.0/include/emmintrin.h:14:2: error: "This header is only meant to be used on x86 and x64 architecture"
#error "This header is only meant to be used on x86 and x64 architecture"
 ^
In file included from /Users/zacharylineman/Developer/GitHub/Hephaestus/Games/GameOfLife/build/CMakeFiles/CMakeTmp/CheckIncludeFile.c:1:
In file included from /Applications/Xcode-14.0.1.app/Contents/Developer/Toolchains/XcodeDefault.xctoolchain/usr/lib/clang/14.0.0/include/smmintrin.h:17:
In file included from /Applications/Xcode-14.0.1.app/Contents/Developer/Toolchains/XcodeDefault.xctoolchain/usr/lib/clang/14.0.0/include/tmmintrin.h:17:
In file included from /Applications/Xcode-14.0.1.app/Contents/Developer/Toolchains/XcodeDefault.xctoolchain/usr/lib/clang/14.0.0/include/pmmintrin.h:17:
In file included from /Applications/Xcode-14.0.1.app/Contents/Developer/Toolchains/XcodeDefault.xctoolchain/usr/lib/clang/14.0.0/include/emmintrin.h:17:
/Applications/Xcode-14.0.1.app/Contents/Developer/Toolchains/XcodeDefault.xctoolchain/usr/lib/clang/14.0.0/include/xmmintrin.h:14:2: error: "This header is only meant to be used on x86 and x64 architecture"
#error "This header is only meant to be used on x86 and x64 architecture"
 ^
In file included from /Users/zacharylineman/Developer/GitHub/Hephaestus/Games/GameOfLife/build/CMakeFiles/CMakeTmp/CheckIncludeFile.c:1:
In file included from /Applications/Xcode-14.0.1.app/Contents/Developer/Toolchains/XcodeDefault.xctoolchain/usr/lib/clang/14.0.0/include/smmintrin.h:17:
In file included from /Applications/Xcode-14.0.1.app/Contents/Developer/Toolchains/XcodeDefault.xctoolchain/usr/lib/clang/14.0.0/include/tmmintrin.h:17:
In file included from /Applications/Xcode-14.0.1.app/Contents/Developer/Toolchains/XcodeDefault.xctoolchain/usr/lib/clang/14.0.0/include/pmmintrin.h:17:
In file included from /Applications/Xcode-14.0.1.app/Contents/Developer/Toolchains/XcodeDefault.xctoolchain/usr/lib/clang/14.0.0/include/emmintrin.h:17:
In file included from /Applications/Xcode-14.0.1.app/Contents/Developer/Toolchains/XcodeDefault.xctoolchain/usr/lib/clang/14.0.0/include/xmmintrin.h:17:
/Applications/Xcode-14.0.1.app/Contents/Developer/Toolchains/XcodeDefault.xctoolchain/usr/lib/clang/14.0.0/include/mmintrin.h:14:2: error: "This header is only meant to be used on x86 and x64 architecture"
#error "This header is only meant to be used on x86 and x64 architecture"
 ^
/Applications/Xcode-14.0.1.app/Contents/Developer/Toolchains/XcodeDefault.xctoolchain/usr/lib/clang/14.0.0/include/mmintrin.h:54:12: error: invalid conversion between vector type '__m64' (vector of 1 'long long' value) and integer type 'int' of different size
    return (__m64)__builtin_ia32_vec_init_v2si(__i, 0);
           ^~~~~~~~~~~~~~~~~~~~~~~~~~~~~~~~~~~~~~~~~~~
/Applications/Xcode-14.0.1.app/Contents/Developer/Toolchains/XcodeDefault.xctoolchain/usr/lib/clang/14.0.0/include/mmintrin.h:133:12: error: invalid conversion between vector type '__m64' (vector of 1 'long long' value) and integer type 'int' of different size
    return (__m64)__builtin_ia32_packsswb((__v4hi)__m1, (__v4hi)__m2);
           ^~~~~~~~~~~~~~~~~~~~~~~~~~~~~~~~~~~~~~~~~~~~~~~~~~~~~~~~~~
/Applications/Xcode-14.0.1.app/Contents/Developer/Toolchains/XcodeDefault.xctoolchain/usr/lib/clang/14.0.0/include/mmintrin.h:163:12: error: invalid conversion between vector type '__m64' (vector of 1 'long long' value) and integer type 'int' of different size
    return (__m64)__builtin_ia32_packssdw((__v2si)__m1, (__v2si)__m2);
           ^~~~~~~~~~~~~~~~~~~~~~~~~~~~~~~~~~~~~~~~~~~~~~~~~~~~~~~~~~
/Applications/Xcode-14.0.1.app/Contents/Developer/Toolchains/XcodeDefault.xctoolchain/usr/lib/clang/14.0.0/include/mmintrin.h:193:12: error: invalid conversion between vector type '__m64' (vector of 1 'long long' value) and integer type 'int' of different size
    return (__m64)__builtin_ia32_packuswb((__v4hi)__m1, (__v4hi)__m2);
           ^~~~~~~~~~~~~~~~~~~~~~~~~~~~~~~~~~~~~~~~~~~~~~~~~~~~~~~~~~
/Applications/Xcode-14.0.1.app/Contents/Developer/Toolchains/XcodeDefault.xctoolchain/usr/lib/clang/14.0.0/include/mmintrin.h:220:12: error: invalid conversion between vector type '__m64' (vector of 1 'long long' value) and integer type 'int' of different size
    return (__m64)__builtin_ia32_punpckhbw((__v8qi)__m1, (__v8qi)__m2);
           ^~~~~~~~~~~~~~~~~~~~~~~~~~~~~~~~~~~~~~~~~~~~~~~~~~~~~~~~~~~
/Applications/Xcode-14.0.1.app/Contents/Developer/Toolchains/XcodeDefault.xctoolchain/usr/lib/clang/14.0.0/include/mmintrin.h:243:12: error: invalid conversion between vector type '__m64' (vector of 1 'long long' value) and integer type 'int' of different size
    return (__m64)__builtin_ia32_punpckhwd((__v4hi)__m1, (__v4hi)__m2);
           ^~~~~~~~~~~~~~~~~~~~~~~~~~~~~~~~~~~~~~~~~~~~~~~~~~~~~~~~~~~
/Applications/Xcode-14.0.1.app/Contents/Developer/Toolchains/XcodeDefault.xctoolchain/usr/lib/clang/14.0.0/include/mmintrin.h:264:12: error: invalid conversion between vector type '__m64' (vector of 1 'long long' value) and integer type 'int' of different size
    return (__m64)__builtin_ia32_punpckhdq((__v2si)__m1, (__v2si)__m2);
           ^~~~~~~~~~~~~~~~~~~~~~~~~~~~~~~~~~~~~~~~~~~~~~~~~~~~~~~~~~~
/Applications/Xcode-14.0.1.app/Contents/Developer/Toolchains/XcodeDefault.xctoolchain/usr/lib/clang/14.0.0/include/mmintrin.h:291:12: error: invalid conversion between vector type '__m64' (vector of 1 'long long' value) and integer type 'int' of different size
    return (__m64)__builtin_ia32_punpcklbw((__v8qi)__m1, (__v8qi)__m2);
           ^~~~~~~~~~~~~~~~~~~~~~~~~~~~~~~~~~~~~~~~~~~~~~~~~~~~~~~~~~~
/Applications/Xcode-14.0.1.app/Contents/Developer/Toolchains/XcodeDefault.xctoolchain/usr/lib/clang/14.0.0/include/mmintrin.h:314:12: error: invalid conversion between vector type '__m64' (vector of 1 'long long' value) and integer type 'int' of different size
    return (__m64)__builtin_ia32_punpcklwd((__v4hi)__m1, (__v4hi)__m2);
           ^~~~~~~~~~~~~~~~~~~~~~~~~~~~~~~~~~~~~~~~~~~~~~~~~~~~~~~~~~~
/Applications/Xcode-14.0.1.app/Contents/Developer/Toolchains/XcodeDefault.xctoolchain/usr/lib/clang/14.0.0/include/mmintrin.h:335:12: error: invalid conversion between vector type '__m64' (vector of 1 'long long' value) and integer type 'int' of different size
    return (__m64)__builtin_ia32_punpckldq((__v2si)__m1, (__v2si)__m2);
           ^~~~~~~~~~~~~~~~~~~~~~~~~~~~~~~~~~~~~~~~~~~~~~~~~~~~~~~~~~~
/Applications/Xcode-14.0.1.app/Contents/Developer/Toolchains/XcodeDefault.xctoolchain/usr/lib/clang/14.0.0/include/mmintrin.h:356:12: error: invalid conversion between vector type '__m64' (vector of 1 'long long' value) and integer type 'int' of different size
    return (__m64)__builtin_ia32_paddb((__v8qi)__m1, (__v8qi)__m2);
           ^~~~~~~~~~~~~~~~~~~~~~~~~~~~~~~~~~~~~~~~~~~~~~~~~~~~~~~
/Applications/Xcode-14.0.1.app/Contents/Developer/Toolchains/XcodeDefault.xctoolchain/usr/lib/clang/14.0.0/include/mmintrin.h:377:12: error: invalid conversion between vector type '__m64' (vector of 1 'long long' value) and integer type 'int' of different size
    return (__m64)__builtin_ia32_paddw((__v4hi)__m1, (__v4hi)__m2);
           ^~~~~~~~~~~~~~~~~~~~~~~~~~~~~~~~~~~~~~~~~~~~~~~~~~~~~~~
/Applications/Xcode-14.0.1.app/Contents/Developer/Toolchains/XcodeDefault.xctoolchain/usr/lib/clang/14.0.0/include/mmintrin.h:398:12: error: invalid conversion between vector type '__m64' (vector of 1 'long long' value) and integer type 'int' of different size
    return (__m64)__builtin_ia32_paddd((__v2si)__m1, (__v2si)__m2);
           ^~~~~~~~~~~~~~~~~~~~~~~~~~~~~~~~~~~~~~~~~~~~~~~~~~~~~~~
fatal error: too many errors emitted, stopping now [-ferror-limit=]
20 errors generated.
make[1]: *** [CMakeFiles/cmTC_4507f.dir/CheckIncludeFile.c.o] Error 1
make: *** [cmTC_4507f/fast] Error 2



Determining if the include file malloc.h exists failed with the following output:
Change Dir: /Users/zacharylineman/Developer/GitHub/Hephaestus/Games/GameOfLife/build/CMakeFiles/CMakeTmp

Run Build Command(s):/usr/bin/make -f Makefile cmTC_c9ed2/fast && /Applications/Xcode-14.0.1.app/Contents/Developer/usr/bin/make  -f CMakeFiles/cmTC_c9ed2.dir/build.make CMakeFiles/cmTC_c9ed2.dir/build
Building C object CMakeFiles/cmTC_c9ed2.dir/CheckIncludeFile.c.o
/Applications/Xcode-14.0.1.app/Contents/Developer/Toolchains/XcodeDefault.xctoolchain/usr/bin/cc   -arch arm64 -isysroot /Applications/Xcode-14.0.1.app/Contents/Developer/Platforms/MacOSX.platform/Developer/SDKs/MacOSX12.3.sdk -MD -MT CMakeFiles/cmTC_c9ed2.dir/CheckIncludeFile.c.o -MF CMakeFiles/cmTC_c9ed2.dir/CheckIncludeFile.c.o.d -o CMakeFiles/cmTC_c9ed2.dir/CheckIncludeFile.c.o -c /Users/zacharylineman/Developer/GitHub/Hephaestus/Games/GameOfLife/build/CMakeFiles/CMakeTmp/CheckIncludeFile.c
/Users/zacharylineman/Developer/GitHub/Hephaestus/Games/GameOfLife/build/CMakeFiles/CMakeTmp/CheckIncludeFile.c:1:10: fatal error: 'malloc.h' file not found
#include <malloc.h>
         ^~~~~~~~~~
1 error generated.
make[1]: *** [CMakeFiles/cmTC_c9ed2.dir/CheckIncludeFile.c.o] Error 1
make: *** [cmTC_c9ed2/fast] Error 2



Determining if the include file cpuid.h exists failed with the following output:
Change Dir: /Users/zacharylineman/Developer/GitHub/Hephaestus/Games/GameOfLife/build/CMakeFiles/CMakeTmp

Run Build Command(s):/usr/bin/make -f Makefile cmTC_5869e/fast && /Applications/Xcode-14.0.1.app/Contents/Developer/usr/bin/make  -f CMakeFiles/cmTC_5869e.dir/build.make CMakeFiles/cmTC_5869e.dir/build
Building C object CMakeFiles/cmTC_5869e.dir/CheckIncludeFile.c.o
/Applications/Xcode-14.0.1.app/Contents/Developer/Toolchains/XcodeDefault.xctoolchain/usr/bin/cc   -arch arm64 -isysroot /Applications/Xcode-14.0.1.app/Contents/Developer/Platforms/MacOSX.platform/Developer/SDKs/MacOSX12.3.sdk -MD -MT CMakeFiles/cmTC_5869e.dir/CheckIncludeFile.c.o -MF CMakeFiles/cmTC_5869e.dir/CheckIncludeFile.c.o.d -o CMakeFiles/cmTC_5869e.dir/CheckIncludeFile.c.o -c /Users/zacharylineman/Developer/GitHub/Hephaestus/Games/GameOfLife/build/CMakeFiles/CMakeTmp/CheckIncludeFile.c
In file included from /Users/zacharylineman/Developer/GitHub/Hephaestus/Games/GameOfLife/build/CMakeFiles/CMakeTmp/CheckIncludeFile.c:1:
/Applications/Xcode-14.0.1.app/Contents/Developer/Toolchains/XcodeDefault.xctoolchain/usr/lib/clang/14.0.0/include/cpuid.h:14:2: error: this header is for x86 only
#error this header is for x86 only
 ^
/Applications/Xcode-14.0.1.app/Contents/Developer/Toolchains/XcodeDefault.xctoolchain/usr/lib/clang/14.0.0/include/cpuid.h:287:5: error: invalid output constraint '=a' in asm
    __cpuid(__leaf, __eax, __ebx, __ecx, __edx);
    ^
/Applications/Xcode-14.0.1.app/Contents/Developer/Toolchains/XcodeDefault.xctoolchain/usr/lib/clang/14.0.0/include/cpuid.h:252:11: note: expanded from macro '__cpuid'
        : "=a"(__eax), "=r" (__ebx), "=c"(__ecx), "=d"(__edx) \
          ^
/Applications/Xcode-14.0.1.app/Contents/Developer/Toolchains/XcodeDefault.xctoolchain/usr/lib/clang/14.0.0/include/cpuid.h:302:5: error: invalid output constraint '=a' in asm
    __cpuid(__leaf, *__eax, *__ebx, *__ecx, *__edx);
    ^
/Applications/Xcode-14.0.1.app/Contents/Developer/Toolchains/XcodeDefault.xctoolchain/usr/lib/clang/14.0.0/include/cpuid.h:252:11: note: expanded from macro '__cpuid'
        : "=a"(__eax), "=r" (__ebx), "=c"(__ecx), "=d"(__edx) \
          ^
/Applications/Xcode-14.0.1.app/Contents/Developer/Toolchains/XcodeDefault.xctoolchain/usr/lib/clang/14.0.0/include/cpuid.h:316:5: error: invalid output constraint '=a' in asm
    __cpuid_count(__leaf, __subleaf, *__eax, *__ebx, *__ecx, *__edx);
    ^
/Applications/Xcode-14.0.1.app/Contents/Developer/Toolchains/XcodeDefault.xctoolchain/usr/lib/clang/14.0.0/include/cpuid.h:259:11: note: expanded from macro '__cpuid_count'
        : "=a"(__eax), "=r" (__ebx), "=c"(__ecx), "=d"(__edx) \
          ^
4 errors generated.
make[1]: *** [CMakeFiles/cmTC_5869e.dir/CheckIncludeFile.c.o] Error 1
make: *** [cmTC_5869e/fast] Error 2



Determining if the include file intrin.h exists failed with the following output:
Change Dir: /Users/zacharylineman/Developer/GitHub/Hephaestus/Games/GameOfLife/build/CMakeFiles/CMakeTmp

Run Build Command(s):/usr/bin/make -f Makefile cmTC_467dc/fast && /Applications/Xcode-14.0.1.app/Contents/Developer/usr/bin/make  -f CMakeFiles/cmTC_467dc.dir/build.make CMakeFiles/cmTC_467dc.dir/build
Building C object CMakeFiles/cmTC_467dc.dir/CheckIncludeFile.c.o
/Applications/Xcode-14.0.1.app/Contents/Developer/Toolchains/XcodeDefault.xctoolchain/usr/bin/cc   -arch arm64 -isysroot /Applications/Xcode-14.0.1.app/Contents/Developer/Platforms/MacOSX.platform/Developer/SDKs/MacOSX12.3.sdk -MD -MT CMakeFiles/cmTC_467dc.dir/CheckIncludeFile.c.o -MF CMakeFiles/cmTC_467dc.dir/CheckIncludeFile.c.o.d -o CMakeFiles/cmTC_467dc.dir/CheckIncludeFile.c.o -c /Users/zacharylineman/Developer/GitHub/Hephaestus/Games/GameOfLife/build/CMakeFiles/CMakeTmp/CheckIncludeFile.c
In file included from /Users/zacharylineman/Developer/GitHub/Hephaestus/Games/GameOfLife/build/CMakeFiles/CMakeTmp/CheckIncludeFile.c:1:
/Applications/Xcode-14.0.1.app/Contents/Developer/Toolchains/XcodeDefault.xctoolchain/usr/lib/clang/14.0.0/include/intrin.h:12:15: fatal error: 'intrin.h' file not found
#include_next <intrin.h>
              ^~~~~~~~~~
1 error generated.
make[1]: *** [CMakeFiles/cmTC_467dc.dir/CheckIncludeFile.c.o] Error 1
make: *** [cmTC_467dc/fast] Error 2



Determining if the include file guiddef.h exists failed with the following output:
Change Dir: /Users/zacharylineman/Developer/GitHub/Hephaestus/Games/GameOfLife/build/CMakeFiles/CMakeTmp

Run Build Command(s):/usr/bin/make -f Makefile cmTC_ca94e/fast && /Applications/Xcode-14.0.1.app/Contents/Developer/usr/bin/make  -f CMakeFiles/cmTC_ca94e.dir/build.make CMakeFiles/cmTC_ca94e.dir/build
Building C object CMakeFiles/cmTC_ca94e.dir/CheckIncludeFile.c.o
/Applications/Xcode-14.0.1.app/Contents/Developer/Toolchains/XcodeDefault.xctoolchain/usr/bin/cc   -arch arm64 -isysroot /Applications/Xcode-14.0.1.app/Contents/Developer/Platforms/MacOSX.platform/Developer/SDKs/MacOSX12.3.sdk -MD -MT CMakeFiles/cmTC_ca94e.dir/CheckIncludeFile.c.o -MF CMakeFiles/cmTC_ca94e.dir/CheckIncludeFile.c.o.d -o CMakeFiles/cmTC_ca94e.dir/CheckIncludeFile.c.o -c /Users/zacharylineman/Developer/GitHub/Hephaestus/Games/GameOfLife/build/CMakeFiles/CMakeTmp/CheckIncludeFile.c
/Users/zacharylineman/Developer/GitHub/Hephaestus/Games/GameOfLife/build/CMakeFiles/CMakeTmp/CheckIncludeFile.c:1:10: fatal error: 'guiddef.h' file not found
#include <guiddef.h>
         ^~~~~~~~~~~
1 error generated.
make[1]: *** [CMakeFiles/cmTC_ca94e.dir/CheckIncludeFile.c.o] Error 1
make: *** [cmTC_ca94e/fast] Error 2



Determining if the include file initguid.h exists failed with the following output:
Change Dir: /Users/zacharylineman/Developer/GitHub/Hephaestus/Games/GameOfLife/build/CMakeFiles/CMakeTmp

Run Build Command(s):/usr/bin/make -f Makefile cmTC_75ae9/fast && /Applications/Xcode-14.0.1.app/Contents/Developer/usr/bin/make  -f CMakeFiles/cmTC_75ae9.dir/build.make CMakeFiles/cmTC_75ae9.dir/build
Building C object CMakeFiles/cmTC_75ae9.dir/CheckIncludeFile.c.o
/Applications/Xcode-14.0.1.app/Contents/Developer/Toolchains/XcodeDefault.xctoolchain/usr/bin/cc   -arch arm64 -isysroot /Applications/Xcode-14.0.1.app/Contents/Developer/Platforms/MacOSX.platform/Developer/SDKs/MacOSX12.3.sdk -MD -MT CMakeFiles/cmTC_75ae9.dir/CheckIncludeFile.c.o -MF CMakeFiles/cmTC_75ae9.dir/CheckIncludeFile.c.o.d -o CMakeFiles/cmTC_75ae9.dir/CheckIncludeFile.c.o -c /Users/zacharylineman/Developer/GitHub/Hephaestus/Games/GameOfLife/build/CMakeFiles/CMakeTmp/CheckIncludeFile.c
/Users/zacharylineman/Developer/GitHub/Hephaestus/Games/GameOfLife/build/CMakeFiles/CMakeTmp/CheckIncludeFile.c:1:10: fatal error: 'initguid.h' file not found
#include <initguid.h>
         ^~~~~~~~~~~~
1 error generated.
make[1]: *** [CMakeFiles/cmTC_75ae9.dir/CheckIncludeFile.c.o] Error 1
make: *** [cmTC_75ae9/fast] Error 2



Determining if the function clock_gettime exists in the rt failed with the following output:
Change Dir: /Users/zacharylineman/Developer/GitHub/Hephaestus/Games/GameOfLife/build/CMakeFiles/CMakeTmp

Run Build Command(s):/usr/bin/make -f Makefile cmTC_989c7/fast && /Applications/Xcode-14.0.1.app/Contents/Developer/usr/bin/make  -f CMakeFiles/cmTC_989c7.dir/build.make CMakeFiles/cmTC_989c7.dir/build
Building C object CMakeFiles/cmTC_989c7.dir/CheckFunctionExists.c.o
/Applications/Xcode-14.0.1.app/Contents/Developer/Toolchains/XcodeDefault.xctoolchain/usr/bin/cc   -DCHECK_FUNCTION_EXISTS=clock_gettime -arch arm64 -isysroot /Applications/Xcode-14.0.1.app/Contents/Developer/Platforms/MacOSX.platform/Developer/SDKs/MacOSX12.3.sdk -MD -MT CMakeFiles/cmTC_989c7.dir/CheckFunctionExists.c.o -MF CMakeFiles/cmTC_989c7.dir/CheckFunctionExists.c.o.d -o CMakeFiles/cmTC_989c7.dir/CheckFunctionExists.c.o -c "/Users/zacharylineman/Library/Application Support/JetBrains/Toolbox/apps/CLion/ch-0/222.4167.35/CLion.app/Contents/bin/cmake/mac/share/cmake-3.23/Modules/CheckFunctionExists.c"
Linking C executable cmTC_989c7
"/Users/zacharylineman/Library/Application Support/JetBrains/Toolbox/apps/CLion/ch-0/222.4167.35/CLion.app/Contents/bin/cmake/mac/bin/cmake" -E cmake_link_script CMakeFiles/cmTC_989c7.dir/link.txt --verbose=1
/Applications/Xcode-14.0.1.app/Contents/Developer/Toolchains/XcodeDefault.xctoolchain/usr/bin/cc  -DCHECK_FUNCTION_EXISTS=clock_gettime -arch arm64 -isysroot /Applications/Xcode-14.0.1.app/Contents/Developer/Platforms/MacOSX.platform/Developer/SDKs/MacOSX12.3.sdk -Wl,-search_paths_first -Wl,-headerpad_max_install_names CMakeFiles/cmTC_989c7.dir/CheckFunctionExists.c.o -o cmTC_989c7  -lrt -lm 
ld: library not found for -lrt
clang: error: linker command failed with exit code 1 (use -v to see invocation)
make[1]: *** [cmTC_989c7] Error 1
make: *** [cmTC_989c7/fast] Error 2



Determining if the _aligned_malloc exist failed with the following output:
Change Dir: /Users/zacharylineman/Developer/GitHub/Hephaestus/Games/GameOfLife/build/CMakeFiles/CMakeTmp

Run Build Command(s):/usr/bin/make -f Makefile cmTC_c6f8e/fast && /Applications/Xcode-14.0.1.app/Contents/Developer/usr/bin/make  -f CMakeFiles/cmTC_c6f8e.dir/build.make CMakeFiles/cmTC_c6f8e.dir/build
Building C object CMakeFiles/cmTC_c6f8e.dir/CheckSymbolExists.c.o
/Applications/Xcode-14.0.1.app/Contents/Developer/Toolchains/XcodeDefault.xctoolchain/usr/bin/cc   -arch arm64 -isysroot /Applications/Xcode-14.0.1.app/Contents/Developer/Platforms/MacOSX.platform/Developer/SDKs/MacOSX12.3.sdk -MD -MT CMakeFiles/cmTC_c6f8e.dir/CheckSymbolExists.c.o -MF CMakeFiles/cmTC_c6f8e.dir/CheckSymbolExists.c.o.d -o CMakeFiles/cmTC_c6f8e.dir/CheckSymbolExists.c.o -c /Users/zacharylineman/Developer/GitHub/Hephaestus/Games/GameOfLife/build/CMakeFiles/CMakeTmp/CheckSymbolExists.c
/Users/zacharylineman/Developer/GitHub/Hephaestus/Games/GameOfLife/build/CMakeFiles/CMakeTmp/CheckSymbolExists.c:2:10: fatal error: 'malloc.h' file not found
#include <malloc.h>
         ^~~~~~~~~~
1 error generated.
make[1]: *** [CMakeFiles/cmTC_c6f8e.dir/CheckSymbolExists.c.o] Error 1
make: *** [cmTC_c6f8e/fast] Error 2


File /Users/zacharylineman/Developer/GitHub/Hephaestus/Games/GameOfLife/build/CMakeFiles/CMakeTmp/CheckSymbolExists.c:
/* */
#include <malloc.h>

int main(int argc, char** argv)
{
  (void)argv;
#ifndef _aligned_malloc
  return ((int*)(&_aligned_malloc))[argc];
#else
  (void)argc;
  return 0;
#endif
}
Determining if files pthread.h;pthread_np.h exist failed with the following output:
Change Dir: /Users/zacharylineman/Developer/GitHub/Hephaestus/Games/GameOfLife/build/CMakeFiles/CMakeTmp

Run Build Command(s):/usr/bin/make -f Makefile cmTC_48485/fast && /Applications/Xcode-14.0.1.app/Contents/Developer/usr/bin/make  -f CMakeFiles/cmTC_48485.dir/build.make CMakeFiles/cmTC_48485.dir/build
Building C object CMakeFiles/cmTC_48485.dir/HAVE_PTHREAD_NP_H.c.o
/Applications/Xcode-14.0.1.app/Contents/Developer/Toolchains/XcodeDefault.xctoolchain/usr/bin/cc   -pthread -arch arm64 -isysroot /Applications/Xcode-14.0.1.app/Contents/Developer/Platforms/MacOSX.platform/Developer/SDKs/MacOSX12.3.sdk -MD -MT CMakeFiles/cmTC_48485.dir/HAVE_PTHREAD_NP_H.c.o -MF CMakeFiles/cmTC_48485.dir/HAVE_PTHREAD_NP_H.c.o.d -o CMakeFiles/cmTC_48485.dir/HAVE_PTHREAD_NP_H.c.o -c /Users/zacharylineman/Developer/GitHub/Hephaestus/Games/GameOfLife/build/CMakeFiles/CheckIncludeFiles/HAVE_PTHREAD_NP_H.c
/Users/zacharylineman/Developer/GitHub/Hephaestus/Games/GameOfLife/build/CMakeFiles/CheckIncludeFiles/HAVE_PTHREAD_NP_H.c:3:10: fatal error: 'pthread_np.h' file not found
#include <pthread_np.h>
         ^~~~~~~~~~~~~~
1 error generated.
make[1]: *** [CMakeFiles/cmTC_48485.dir/HAVE_PTHREAD_NP_H.c.o] Error 1
make: *** [cmTC_48485/fast] Error 2


Source:
/* */
#include <pthread.h>
#include <pthread_np.h>


int main(void){return 0;}

Performing C SOURCE FILE Test PTHREAD_SETNAME_NP_THREE_PARAMS failed with the following output:
Change Dir: /Users/zacharylineman/Developer/GitHub/Hephaestus/Games/GameOfLife/build/CMakeFiles/CMakeTmp

Run Build Command(s):/usr/bin/make -f Makefile cmTC_05015/fast && /Applications/Xcode-14.0.1.app/Contents/Developer/usr/bin/make  -f CMakeFiles/cmTC_05015.dir/build.make CMakeFiles/cmTC_05015.dir/build
Building C object CMakeFiles/cmTC_05015.dir/src.c.o
/Applications/Xcode-14.0.1.app/Contents/Developer/Toolchains/XcodeDefault.xctoolchain/usr/bin/cc -DPTHREAD_SETNAME_NP_THREE_PARAMS  -pthread -arch arm64 -isysroot /Applications/Xcode-14.0.1.app/Contents/Developer/Platforms/MacOSX.platform/Developer/SDKs/MacOSX12.3.sdk -MD -MT CMakeFiles/cmTC_05015.dir/src.c.o -MF CMakeFiles/cmTC_05015.dir/src.c.o.d -o CMakeFiles/cmTC_05015.dir/src.c.o -c /Users/zacharylineman/Developer/GitHub/Hephaestus/Games/GameOfLife/build/CMakeFiles/CMakeTmp/src.c
/Users/zacharylineman/Developer/GitHub/Hephaestus/Games/GameOfLife/build/CMakeFiles/CMakeTmp/src.c:5:40: error: too many arguments to function call, expected 1, have 3
    pthread_setname_np(pthread_self(), "%s", "testname");
    ~~~~~~~~~~~~~~~~~~                 ^~~~~~~~~~~~~~~~
/Applications/Xcode-14.0.1.app/Contents/Developer/Platforms/MacOSX.platform/Developer/SDKs/MacOSX12.3.sdk/usr/include/pthread.h:510:5: note: 'pthread_setname_np' declared here
int     pthread_setname_np(const char*);
        ^
1 error generated.
make[1]: *** [CMakeFiles/cmTC_05015.dir/src.c.o] Error 1
make: *** [cmTC_05015/fast] Error 2


Source file was:

#include <pthread.h>
int main()
{
    pthread_setname_np(pthread_self(), "%s", "testname");
    return 0;
}
